[0.779s] Invoking command in '/ws/build/detections_2d': PYTHONPATH=/ws/build/detections_2d/prefix_override:/usr/lib/python3/dist-packages/colcon_core/task/python/colcon_distutils_commands:/ws/install/detections_2d/lib/python3.10/site-packages:${PYTHONPATH} /usr/bin/python3 -W ignore:setup.py install is deprecated -W ignore:easy_install command is deprecated setup.py develop --uninstall --editable --build-directory /ws/build/detections_2d/build
[1.078s] running develop
[1.228s] Removing /ws/install/detections_2d/lib/python3.10/site-packages/detections-2d.egg-link (link to .)
[1.257s] Invoked command in '/ws/build/detections_2d' returned '0': PYTHONPATH=/ws/build/detections_2d/prefix_override:/usr/lib/python3/dist-packages/colcon_core/task/python/colcon_distutils_commands:/ws/install/detections_2d/lib/python3.10/site-packages:${PYTHONPATH} /usr/bin/python3 -W ignore:setup.py install is deprecated -W ignore:easy_install command is deprecated setup.py develop --uninstall --editable --build-directory /ws/build/detections_2d/build
[1.258s] Invoking command in '/ws/src/detections_2d/detections_2d/detections_2d': PYTHONPATH=/ws/build/detections_2d/prefix_override:/usr/lib/python3/dist-packages/colcon_core/task/python/colcon_distutils_commands:/ws/install/detections_2d/lib/python3.10/site-packages:${PYTHONPATH} /usr/bin/python3 -W ignore:setup.py install is deprecated -W ignore:easy_install command is deprecated setup.py egg_info --egg-base ../../../../build/detections_2d build --build-base /ws/build/detections_2d/build install --record /ws/build/detections_2d/install.log --single-version-externally-managed install_data --force
[1.520s] running egg_info
[1.521s] writing ../../../../build/detections_2d/detections_2d.egg-info/PKG-INFO
[1.521s] writing dependency_links to ../../../../build/detections_2d/detections_2d.egg-info/dependency_links.txt
[1.521s] writing entry points to ../../../../build/detections_2d/detections_2d.egg-info/entry_points.txt
[1.521s] writing requirements to ../../../../build/detections_2d/detections_2d.egg-info/requires.txt
[1.522s] writing top-level names to ../../../../build/detections_2d/detections_2d.egg-info/top_level.txt
[1.529s] reading manifest file '../../../../build/detections_2d/detections_2d.egg-info/SOURCES.txt'
[1.531s] writing manifest file '../../../../build/detections_2d/detections_2d.egg-info/SOURCES.txt'
[1.531s] running build
[1.531s] running build_py
[1.531s] creating /ws/build/detections_2d/build
[1.531s] creating /ws/build/detections_2d/build/lib
[1.531s] creating /ws/build/detections_2d/build/lib/detections_2d
[1.532s] copying detections_2d/batch_2d.py -> /ws/build/detections_2d/build/lib/detections_2d
[1.532s] copying detections_2d/__init__.py -> /ws/build/detections_2d/build/lib/detections_2d
[1.532s] copying detections_2d/serialized.py -> /ws/build/detections_2d/build/lib/detections_2d
[1.532s] copying detections_2d/old_batch.py -> /ws/build/detections_2d/build/lib/detections_2d
[1.532s] running install
[1.533s] running install_lib
[1.534s] creating /ws/install/detections_2d/lib/python3.10/site-packages/detections_2d
[1.534s] copying /ws/build/detections_2d/build/lib/detections_2d/batch_2d.py -> /ws/install/detections_2d/lib/python3.10/site-packages/detections_2d
[1.534s] copying /ws/build/detections_2d/build/lib/detections_2d/__init__.py -> /ws/install/detections_2d/lib/python3.10/site-packages/detections_2d
[1.534s] copying /ws/build/detections_2d/build/lib/detections_2d/serialized.py -> /ws/install/detections_2d/lib/python3.10/site-packages/detections_2d
[1.534s] copying /ws/build/detections_2d/build/lib/detections_2d/old_batch.py -> /ws/install/detections_2d/lib/python3.10/site-packages/detections_2d
[1.534s] byte-compiling /ws/install/detections_2d/lib/python3.10/site-packages/detections_2d/batch_2d.py to batch_2d.cpython-310.pyc
[1.536s] byte-compiling /ws/install/detections_2d/lib/python3.10/site-packages/detections_2d/__init__.py to __init__.cpython-310.pyc
[1.536s] byte-compiling /ws/install/detections_2d/lib/python3.10/site-packages/detections_2d/serialized.py to serialized.cpython-310.pyc
[1.538s] byte-compiling /ws/install/detections_2d/lib/python3.10/site-packages/detections_2d/old_batch.py to old_batch.cpython-310.pyc
[1.539s] running install_data
[1.540s] copying resource/detections_2d -> /ws/install/detections_2d/share/ament_index/resource_index/packages
[1.540s] copying package.xml -> /ws/install/detections_2d/share/detections_2d
[1.540s] copying launch/all.launch.py -> /ws/install/detections_2d/share/detections_2d/launch
[1.541s] copying launch/old_batch.launch.py -> /ws/install/detections_2d/share/detections_2d/launch
[1.541s] copying launch/batch_2d.launch.py -> /ws/install/detections_2d/share/detections_2d/launch
[1.541s] copying launch/serialized.launch.py -> /ws/install/detections_2d/share/detections_2d/launch
[1.542s] running install_egg_info
[1.544s] Copying ../../../../build/detections_2d/detections_2d.egg-info to /ws/install/detections_2d/lib/python3.10/site-packages/detections_2d-0.0.1-py3.10.egg-info
[1.545s] running install_scripts
[1.570s] Installing batch_2d script to /ws/install/detections_2d/lib/detections_2d
[1.570s] Installing old_batch script to /ws/install/detections_2d/lib/detections_2d
[1.571s] Installing serialized script to /ws/install/detections_2d/lib/detections_2d
[1.571s] writing list of installed files to '/ws/build/detections_2d/install.log'
[1.595s] Invoked command in '/ws/src/detections_2d/detections_2d/detections_2d' returned '0': PYTHONPATH=/ws/build/detections_2d/prefix_override:/usr/lib/python3/dist-packages/colcon_core/task/python/colcon_distutils_commands:/ws/install/detections_2d/lib/python3.10/site-packages:${PYTHONPATH} /usr/bin/python3 -W ignore:setup.py install is deprecated -W ignore:easy_install command is deprecated setup.py egg_info --egg-base ../../../../build/detections_2d build --build-base /ws/build/detections_2d/build install --record /ws/build/detections_2d/install.log --single-version-externally-managed install_data --force
