[0.275s] Invoking command in '/ws/build/detections_2d': PYTHONPATH=/ws/build/detections_2d/prefix_override:/usr/lib/python3/dist-packages/colcon_core/task/python/colcon_distutils_commands:/ws/install/detections_2d/lib/python3.10/site-packages:${PYTHONPATH} /usr/bin/python3 -W ignore:setup.py install is deprecated -W ignore:easy_install command is deprecated setup.py develop --uninstall --editable --build-directory /ws/build/detections_2d/build
[0.362s] running develop
[0.396s] Removing /ws/install/detections_2d/lib/python3.10/site-packages/detections-2d.egg-link (link to .)
[0.410s] Invoked command in '/ws/build/detections_2d' returned '0': PYTHONPATH=/ws/build/detections_2d/prefix_override:/usr/lib/python3/dist-packages/colcon_core/task/python/colcon_distutils_commands:/ws/install/detections_2d/lib/python3.10/site-packages:${PYTHONPATH} /usr/bin/python3 -W ignore:setup.py install is deprecated -W ignore:easy_install command is deprecated setup.py develop --uninstall --editable --build-directory /ws/build/detections_2d/build
[0.410s] Invoking command in '/ws/src/detections_2d/detections_2d': PYTHONPATH=/ws/build/detections_2d/prefix_override:/usr/lib/python3/dist-packages/colcon_core/task/python/colcon_distutils_commands:/ws/install/detections_2d/lib/python3.10/site-packages:${PYTHONPATH} /usr/bin/python3 -W ignore:setup.py install is deprecated -W ignore:easy_install command is deprecated setup.py egg_info --egg-base ../../../build/detections_2d build --build-base /ws/build/detections_2d/build install --record /ws/build/detections_2d/install.log --single-version-externally-managed install_data --force
[0.499s] running egg_info
[0.501s] writing ../../../build/detections_2d/detections_2d.egg-info/PKG-INFO
[0.501s] writing dependency_links to ../../../build/detections_2d/detections_2d.egg-info/dependency_links.txt
[0.502s] writing entry points to ../../../build/detections_2d/detections_2d.egg-info/entry_points.txt
[0.503s] writing requirements to ../../../build/detections_2d/detections_2d.egg-info/requires.txt
[0.503s] writing top-level names to ../../../build/detections_2d/detections_2d.egg-info/top_level.txt
[0.504s] reading manifest file '../../../build/detections_2d/detections_2d.egg-info/SOURCES.txt'
[0.505s] writing manifest file '../../../build/detections_2d/detections_2d.egg-info/SOURCES.txt'
[0.505s] running build
[0.505s] running build_py
[0.505s] creating /ws/build/detections_2d/build
[0.505s] creating /ws/build/detections_2d/build/lib
[0.506s] creating /ws/build/detections_2d/build/lib/detections_2d
[0.506s] copying detections_2d/old_batch.py -> /ws/build/detections_2d/build/lib/detections_2d
[0.506s] copying detections_2d/serialized.py -> /ws/build/detections_2d/build/lib/detections_2d
[0.507s] copying detections_2d/__init__.py -> /ws/build/detections_2d/build/lib/detections_2d
[0.507s] copying detections_2d/batch_2d.py -> /ws/build/detections_2d/build/lib/detections_2d
[0.507s] running install
[0.507s] running install_lib
[0.507s] creating /ws/install/detections_2d/lib/python3.10/site-packages/detections_2d
[0.507s] copying /ws/build/detections_2d/build/lib/detections_2d/old_batch.py -> /ws/install/detections_2d/lib/python3.10/site-packages/detections_2d
[0.508s] copying /ws/build/detections_2d/build/lib/detections_2d/serialized.py -> /ws/install/detections_2d/lib/python3.10/site-packages/detections_2d
[0.508s] copying /ws/build/detections_2d/build/lib/detections_2d/__init__.py -> /ws/install/detections_2d/lib/python3.10/site-packages/detections_2d
[0.508s] copying /ws/build/detections_2d/build/lib/detections_2d/batch_2d.py -> /ws/install/detections_2d/lib/python3.10/site-packages/detections_2d
[0.508s] byte-compiling /ws/install/detections_2d/lib/python3.10/site-packages/detections_2d/old_batch.py to old_batch.cpython-310.pyc
[0.510s] byte-compiling /ws/install/detections_2d/lib/python3.10/site-packages/detections_2d/serialized.py to serialized.cpython-310.pyc
[0.511s] byte-compiling /ws/install/detections_2d/lib/python3.10/site-packages/detections_2d/__init__.py to __init__.cpython-310.pyc
[0.511s] byte-compiling /ws/install/detections_2d/lib/python3.10/site-packages/detections_2d/batch_2d.py to batch_2d.cpython-310.pyc
[0.511s] running install_data
[0.511s] copying resource/detections_2d -> /ws/install/detections_2d/share/ament_index/resource_index/packages
[0.513s] copying package.xml -> /ws/install/detections_2d/share/detections_2d
[0.513s] copying launch/all.launch.py -> /ws/install/detections_2d/share/detections_2d/launch
[0.514s] copying launch/serialized.launch.py -> /ws/install/detections_2d/share/detections_2d/launch
[0.514s] copying launch/old_batch.launch.py -> /ws/install/detections_2d/share/detections_2d/launch
[0.515s] copying launch/batch_2d.launch.py -> /ws/install/detections_2d/share/detections_2d/launch
[0.515s] running install_egg_info
[0.517s] Copying ../../../build/detections_2d/detections_2d.egg-info to /ws/install/detections_2d/lib/python3.10/site-packages/detections_2d-0.0.1-py3.10.egg-info
[0.519s] running install_scripts
[0.532s] Installing batch_2d script to /ws/install/detections_2d/lib/detections_2d
[0.533s] Installing old_batch script to /ws/install/detections_2d/lib/detections_2d
[0.534s] Installing serialized script to /ws/install/detections_2d/lib/detections_2d
[0.534s] writing list of installed files to '/ws/build/detections_2d/install.log'
[0.546s] Invoked command in '/ws/src/detections_2d/detections_2d' returned '0': PYTHONPATH=/ws/build/detections_2d/prefix_override:/usr/lib/python3/dist-packages/colcon_core/task/python/colcon_distutils_commands:/ws/install/detections_2d/lib/python3.10/site-packages:${PYTHONPATH} /usr/bin/python3 -W ignore:setup.py install is deprecated -W ignore:easy_install command is deprecated setup.py egg_info --egg-base ../../../build/detections_2d build --build-base /ws/build/detections_2d/build install --record /ws/build/detections_2d/install.log --single-version-externally-managed install_data --force
