[0.069s] DEBUG:colcon:Command line arguments: ['/usr/bin/colcon', 'build', '--symlink-install']
[0.069s] DEBUG:colcon:Parsed command line arguments: Namespace(log_base=None, log_level=None, verb_name='build', build_base='build', install_base='install', merge_install=False, symlink_install=True, test_result_base=None, continue_on_error=False, executor='parallel', parallel_workers=5, event_handlers=None, ignore_user_meta=False, metas=['./colcon.meta'], base_paths=['.'], packages_ignore=None, packages_ignore_regex=None, paths=None, packages_up_to=None, packages_up_to_regex=None, packages_above=None, packages_above_and_dependencies=None, packages_above_depth=None, packages_select_by_dep=None, packages_skip_by_dep=None, packages_skip_up_to=None, packages_select_build_failed=False, packages_skip_build_finished=False, packages_select_test_failures=False, packages_skip_test_passed=False, packages_select=None, packages_skip=None, packages_select_regex=None, packages_skip_regex=None, packages_start=None, packages_end=None, cmake_args=None, cmake_target=None, cmake_target_skip_unavailable=False, cmake_clean_cache=False, cmake_clean_first=False, cmake_force_configure=False, ament_cmake_args=None, catkin_cmake_args=None, catkin_skip_building_tests=False, mixin_files=None, mixin=None, verb_parser=<colcon_mixin.mixin.mixin_argument.MixinArgumentDecorator object at 0xffff90ffb970>, verb_extension=<colcon_core.verb.build.BuildVerb object at 0xffff90ffb3a0>, main=<bound method BuildVerb.main of <colcon_core.verb.build.BuildVerb object at 0xffff90ffb3a0>>, mixin_verb=('build',))
[0.134s] Level 1:colcon.colcon_core.package_discovery:discover_packages(colcon_meta) check parameters
[0.135s] INFO:colcon.colcon_metadata.package_discovery.colcon_meta:Using configuration from '/root/.colcon/metadata/default/Gazebo.meta'
[0.135s] INFO:colcon.colcon_metadata.package_discovery.colcon_meta:Using configuration from '/root/.colcon/metadata/default/fastdds.meta'
[0.135s] INFO:colcon.colcon_metadata.package_discovery.colcon_meta:Using configuration from '/root/.colcon/metadata/default/fastrtps.meta'
[0.135s] Level 1:colcon.colcon_core.package_discovery:discover_packages(recursive) check parameters
[0.135s] Level 1:colcon.colcon_core.package_discovery:discover_packages(ignore) check parameters
[0.135s] Level 1:colcon.colcon_core.package_discovery:discover_packages(path) check parameters
[0.135s] Level 1:colcon.colcon_core.package_discovery:discover_packages(colcon_meta) discover
[0.135s] Level 1:colcon.colcon_core.package_discovery:discover_packages(recursive) discover
[0.135s] INFO:colcon.colcon_core.package_discovery:Crawling recursively for packages in '/ws'
[0.135s] Level 1:colcon.colcon_core.package_identification:_identify(.) by extensions ['ignore', 'ignore_ament_install']
[0.135s] Level 1:colcon.colcon_core.package_identification:_identify(.) by extension 'ignore'
[0.136s] Level 1:colcon.colcon_core.package_identification:_identify(.) by extension 'ignore_ament_install'
[0.136s] Level 1:colcon.colcon_core.package_identification:_identify(.) by extensions ['colcon_pkg']
[0.136s] Level 1:colcon.colcon_core.package_identification:_identify(.) by extension 'colcon_pkg'
[0.136s] Level 1:colcon.colcon_core.package_identification:_identify(.) by extensions ['colcon_meta']
[0.136s] Level 1:colcon.colcon_core.package_identification:_identify(.) by extension 'colcon_meta'
[0.136s] Level 1:colcon.colcon_core.package_identification:_identify(.) by extensions ['ros']
[0.136s] Level 1:colcon.colcon_core.package_identification:_identify(.) by extension 'ros'
[0.158s] Level 1:colcon.colcon_core.package_identification:_identify(.) by extensions ['cmake', 'python']
[0.158s] Level 1:colcon.colcon_core.package_identification:_identify(.) by extension 'cmake'
[0.158s] Level 1:colcon.colcon_core.package_identification:_identify(.) by extension 'python'
[0.158s] Level 1:colcon.colcon_core.package_identification:_identify(.) by extensions ['python_setup_py']
[0.158s] Level 1:colcon.colcon_core.package_identification:_identify(.) by extension 'python_setup_py'
[0.158s] Level 1:colcon.colcon_core.package_identification:_identify(bags) by extensions ['ignore', 'ignore_ament_install']
[0.159s] Level 1:colcon.colcon_core.package_identification:_identify(bags) by extension 'ignore'
[0.159s] Level 1:colcon.colcon_core.package_identification:_identify(bags) by extension 'ignore_ament_install'
[0.159s] Level 1:colcon.colcon_core.package_identification:_identify(bags) by extensions ['colcon_pkg']
[0.159s] Level 1:colcon.colcon_core.package_identification:_identify(bags) by extension 'colcon_pkg'
[0.159s] Level 1:colcon.colcon_core.package_identification:_identify(bags) by extensions ['colcon_meta']
[0.159s] Level 1:colcon.colcon_core.package_identification:_identify(bags) by extension 'colcon_meta'
[0.159s] Level 1:colcon.colcon_core.package_identification:_identify(bags) by extensions ['ros']
[0.159s] Level 1:colcon.colcon_core.package_identification:_identify(bags) by extension 'ros'
[0.159s] Level 1:colcon.colcon_core.package_identification:_identify(bags) by extensions ['cmake', 'python']
[0.159s] Level 1:colcon.colcon_core.package_identification:_identify(bags) by extension 'cmake'
[0.160s] Level 1:colcon.colcon_core.package_identification:_identify(bags) by extension 'python'
[0.160s] Level 1:colcon.colcon_core.package_identification:_identify(bags) by extensions ['python_setup_py']
[0.160s] Level 1:colcon.colcon_core.package_identification:_identify(bags) by extension 'python_setup_py'
[0.160s] Level 1:colcon.colcon_core.package_identification:_identify(bags/run_1) by extensions ['ignore', 'ignore_ament_install']
[0.160s] Level 1:colcon.colcon_core.package_identification:_identify(bags/run_1) by extension 'ignore'
[0.160s] Level 1:colcon.colcon_core.package_identification:_identify(bags/run_1) by extension 'ignore_ament_install'
[0.161s] Level 1:colcon.colcon_core.package_identification:_identify(bags/run_1) by extensions ['colcon_pkg']
[0.161s] Level 1:colcon.colcon_core.package_identification:_identify(bags/run_1) by extension 'colcon_pkg'
[0.161s] Level 1:colcon.colcon_core.package_identification:_identify(bags/run_1) by extensions ['colcon_meta']
[0.161s] Level 1:colcon.colcon_core.package_identification:_identify(bags/run_1) by extension 'colcon_meta'
[0.161s] Level 1:colcon.colcon_core.package_identification:_identify(bags/run_1) by extensions ['ros']
[0.161s] Level 1:colcon.colcon_core.package_identification:_identify(bags/run_1) by extension 'ros'
[0.161s] Level 1:colcon.colcon_core.package_identification:_identify(bags/run_1) by extensions ['cmake', 'python']
[0.161s] Level 1:colcon.colcon_core.package_identification:_identify(bags/run_1) by extension 'cmake'
[0.162s] Level 1:colcon.colcon_core.package_identification:_identify(bags/run_1) by extension 'python'
[0.162s] Level 1:colcon.colcon_core.package_identification:_identify(bags/run_1) by extensions ['python_setup_py']
[0.162s] Level 1:colcon.colcon_core.package_identification:_identify(bags/run_1) by extension 'python_setup_py'
[0.162s] Level 1:colcon.colcon_core.package_identification:_identify(build) by extensions ['ignore', 'ignore_ament_install']
[0.162s] Level 1:colcon.colcon_core.package_identification:_identify(build) by extension 'ignore'
[0.162s] Level 1:colcon.colcon_core.package_identification:_identify(build) ignored
[0.162s] Level 1:colcon.colcon_core.package_identification:_identify(install) by extensions ['ignore', 'ignore_ament_install']
[0.162s] Level 1:colcon.colcon_core.package_identification:_identify(install) by extension 'ignore'
[0.162s] Level 1:colcon.colcon_core.package_identification:_identify(install) ignored
[0.162s] Level 1:colcon.colcon_core.package_identification:_identify(log) by extensions ['ignore', 'ignore_ament_install']
[0.162s] Level 1:colcon.colcon_core.package_identification:_identify(log) by extension 'ignore'
[0.162s] Level 1:colcon.colcon_core.package_identification:_identify(log) ignored
[0.162s] Level 1:colcon.colcon_core.package_identification:_identify(src) by extensions ['ignore', 'ignore_ament_install']
[0.162s] Level 1:colcon.colcon_core.package_identification:_identify(src) by extension 'ignore'
[0.162s] Level 1:colcon.colcon_core.package_identification:_identify(src) by extension 'ignore_ament_install'
[0.163s] Level 1:colcon.colcon_core.package_identification:_identify(src) by extensions ['colcon_pkg']
[0.163s] Level 1:colcon.colcon_core.package_identification:_identify(src) by extension 'colcon_pkg'
[0.163s] Level 1:colcon.colcon_core.package_identification:_identify(src) by extensions ['colcon_meta']
[0.163s] Level 1:colcon.colcon_core.package_identification:_identify(src) by extension 'colcon_meta'
[0.163s] Level 1:colcon.colcon_core.package_identification:_identify(src) by extensions ['ros']
[0.163s] Level 1:colcon.colcon_core.package_identification:_identify(src) by extension 'ros'
[0.163s] Level 1:colcon.colcon_core.package_identification:_identify(src) by extensions ['cmake', 'python']
[0.163s] Level 1:colcon.colcon_core.package_identification:_identify(src) by extension 'cmake'
[0.163s] Level 1:colcon.colcon_core.package_identification:_identify(src) by extension 'python'
[0.163s] Level 1:colcon.colcon_core.package_identification:_identify(src) by extensions ['python_setup_py']
[0.163s] Level 1:colcon.colcon_core.package_identification:_identify(src) by extension 'python_setup_py'
[0.163s] Level 1:colcon.colcon_core.package_identification:_identify(src/detections_2d) by extensions ['ignore', 'ignore_ament_install']
[0.163s] Level 1:colcon.colcon_core.package_identification:_identify(src/detections_2d) by extension 'ignore'
[0.163s] Level 1:colcon.colcon_core.package_identification:_identify(src/detections_2d) by extension 'ignore_ament_install'
[0.163s] Level 1:colcon.colcon_core.package_identification:_identify(src/detections_2d) by extensions ['colcon_pkg']
[0.163s] Level 1:colcon.colcon_core.package_identification:_identify(src/detections_2d) by extension 'colcon_pkg'
[0.163s] Level 1:colcon.colcon_core.package_identification:_identify(src/detections_2d) by extensions ['colcon_meta']
[0.163s] Level 1:colcon.colcon_core.package_identification:_identify(src/detections_2d) by extension 'colcon_meta'
[0.163s] Level 1:colcon.colcon_core.package_identification:_identify(src/detections_2d) by extensions ['ros']
[0.163s] Level 1:colcon.colcon_core.package_identification:_identify(src/detections_2d) by extension 'ros'
[0.163s] Level 1:colcon.colcon_core.package_identification:_identify(src/detections_2d) by extensions ['cmake', 'python']
[0.163s] Level 1:colcon.colcon_core.package_identification:_identify(src/detections_2d) by extension 'cmake'
[0.163s] Level 1:colcon.colcon_core.package_identification:_identify(src/detections_2d) by extension 'python'
[0.163s] Level 1:colcon.colcon_core.package_identification:_identify(src/detections_2d) by extensions ['python_setup_py']
[0.163s] Level 1:colcon.colcon_core.package_identification:_identify(src/detections_2d) by extension 'python_setup_py'
[0.163s] Level 1:colcon.colcon_core.package_identification:_identify(src/detections_2d/detections_2d) by extensions ['ignore', 'ignore_ament_install']
[0.163s] Level 1:colcon.colcon_core.package_identification:_identify(src/detections_2d/detections_2d) by extension 'ignore'
[0.163s] Level 1:colcon.colcon_core.package_identification:_identify(src/detections_2d/detections_2d) by extension 'ignore_ament_install'
[0.163s] Level 1:colcon.colcon_core.package_identification:_identify(src/detections_2d/detections_2d) by extensions ['colcon_pkg']
[0.163s] Level 1:colcon.colcon_core.package_identification:_identify(src/detections_2d/detections_2d) by extension 'colcon_pkg'
[0.163s] Level 1:colcon.colcon_core.package_identification:_identify(src/detections_2d/detections_2d) by extensions ['colcon_meta']
[0.163s] Level 1:colcon.colcon_core.package_identification:_identify(src/detections_2d/detections_2d) by extension 'colcon_meta'
[0.163s] Level 1:colcon.colcon_core.package_identification:_identify(src/detections_2d/detections_2d) by extensions ['ros']
[0.163s] Level 1:colcon.colcon_core.package_identification:_identify(src/detections_2d/detections_2d) by extension 'ros'
[0.165s] DEBUG:colcon.colcon_core.package_identification:Package 'src/detections_2d/detections_2d' with type 'ros.ament_python' and name 'detections_2d'
[0.165s] Level 1:colcon.colcon_core.package_discovery:discover_packages(recursive) using defaults
[0.165s] Level 1:colcon.colcon_core.package_discovery:discover_packages(ignore) discover
[0.165s] Level 1:colcon.colcon_core.package_discovery:discover_packages(ignore) using defaults
[0.165s] Level 1:colcon.colcon_core.package_discovery:discover_packages(path) discover
[0.165s] Level 1:colcon.colcon_core.package_discovery:discover_packages(path) using defaults
[0.186s] Level 5:colcon.colcon_core.verb:set package 'detections_2d' build argument 'cmake_args' from command line to 'None'
[0.186s] Level 5:colcon.colcon_core.verb:set package 'detections_2d' build argument 'cmake_target' from command line to 'None'
[0.186s] Level 5:colcon.colcon_core.verb:set package 'detections_2d' build argument 'cmake_target_skip_unavailable' from command line to 'False'
[0.186s] Level 5:colcon.colcon_core.verb:set package 'detections_2d' build argument 'cmake_clean_cache' from command line to 'False'
[0.186s] Level 5:colcon.colcon_core.verb:set package 'detections_2d' build argument 'cmake_clean_first' from command line to 'False'
[0.186s] Level 5:colcon.colcon_core.verb:set package 'detections_2d' build argument 'cmake_force_configure' from command line to 'False'
[0.186s] Level 5:colcon.colcon_core.verb:set package 'detections_2d' build argument 'ament_cmake_args' from command line to 'None'
[0.186s] Level 5:colcon.colcon_core.verb:set package 'detections_2d' build argument 'catkin_cmake_args' from command line to 'None'
[0.186s] Level 5:colcon.colcon_core.verb:set package 'detections_2d' build argument 'catkin_skip_building_tests' from command line to 'False'
[0.186s] DEBUG:colcon.colcon_core.verb:Building package 'detections_2d' with the following arguments: {'ament_cmake_args': None, 'build_base': '/ws/build/detections_2d', 'catkin_cmake_args': None, 'catkin_skip_building_tests': False, 'cmake_args': None, 'cmake_clean_cache': False, 'cmake_clean_first': False, 'cmake_force_configure': False, 'cmake_target': None, 'cmake_target_skip_unavailable': False, 'install_base': '/ws/install/detections_2d', 'merge_install': False, 'path': '/ws/src/detections_2d/detections_2d', 'symlink_install': True, 'test_result_base': None}
[0.187s] INFO:colcon.colcon_core.executor:Executing jobs using 'parallel' executor
[0.187s] DEBUG:colcon.colcon_parallel_executor.executor.parallel:run_until_complete
[0.187s] INFO:colcon.colcon_ros.task.ament_python.build:Building ROS package in '/ws/src/detections_2d/detections_2d' with build type 'ament_python'
[0.187s] Level 1:colcon.colcon_core.shell:create_environment_hook('detections_2d', 'ament_prefix_path')
[0.189s] INFO:colcon.colcon_core.plugin_system:Skipping extension 'colcon_core.shell.bat': Not used on non-Windows systems
[0.189s] INFO:colcon.colcon_core.shell:Creating environment hook '/ws/install/detections_2d/share/detections_2d/hook/ament_prefix_path.ps1'
[0.189s] INFO:colcon.colcon_core.shell:Creating environment descriptor '/ws/install/detections_2d/share/detections_2d/hook/ament_prefix_path.dsv'
[0.190s] INFO:colcon.colcon_core.shell:Creating environment hook '/ws/install/detections_2d/share/detections_2d/hook/ament_prefix_path.sh'
[0.190s] INFO:colcon.colcon_core.shell:Skip shell extension 'powershell' for command environment: Not usable outside of PowerShell
[0.190s] DEBUG:colcon.colcon_core.shell:Skip shell extension 'dsv' for command environment
[0.294s] INFO:colcon.colcon_core.task.python.build:Building Python package in '/ws/src/detections_2d/detections_2d'
[0.294s] INFO:colcon.colcon_core.shell:Skip shell extension 'powershell' for command environment: Not usable outside of PowerShell
[0.294s] DEBUG:colcon.colcon_core.shell:Skip shell extension 'dsv' for command environment
[0.433s] DEBUG:colcon.colcon_core.task.python.build:While undoing a previous installation files outside the Python library path are being ignored: /ws/install/detections_2d/share/ament_index/resource_index/packages/detections_2d
[0.433s] DEBUG:colcon.colcon_core.task.python.build:While undoing a previous installation files outside the Python library path are being ignored: /ws/install/detections_2d/share/detections_2d/package.xml
[0.433s] DEBUG:colcon.colcon_core.task.python.build:While undoing a previous installation files outside the Python library path are being ignored: /ws/install/detections_2d/share/detections_2d/launch/all.launch.py
[0.433s] DEBUG:colcon.colcon_core.task.python.build:While undoing a previous installation files outside the Python library path are being ignored: /ws/install/detections_2d/share/detections_2d/launch/serialized.launch.py
[0.433s] DEBUG:colcon.colcon_core.task.python.build:While undoing a previous installation files outside the Python library path are being ignored: /ws/install/detections_2d/share/detections_2d/launch/old_batch.launch.py
[0.433s] DEBUG:colcon.colcon_core.task.python.build:While undoing a previous installation files outside the Python library path are being ignored: /ws/install/detections_2d/share/detections_2d/launch/batch_2d.launch.py
[0.433s] DEBUG:colcon.colcon_core.task.python.build:While undoing a previous installation files outside the Python library path are being ignored: /ws/install/detections_2d/lib/detections_2d/batch_2d
[0.433s] DEBUG:colcon.colcon_core.task.python.build:While undoing a previous installation files outside the Python library path are being ignored: /ws/install/detections_2d/lib/detections_2d/old_batch
[0.433s] DEBUG:colcon.colcon_core.task.python.build:While undoing a previous installation files outside the Python library path are being ignored: /ws/install/detections_2d/lib/detections_2d/serialized
[0.435s] DEBUG:colcon.colcon_core.event_handler.log_command:Invoking command in '/ws/build/detections_2d': PYTHONPATH=/ws/build/detections_2d/prefix_override:/usr/lib/python3/dist-packages/colcon_core/task/python/colcon_distutils_commands:/ws/install/detections_2d/lib/python3.10/site-packages:${PYTHONPATH} /usr/bin/python3 -W ignore:setup.py install is deprecated -W ignore:easy_install command is deprecated setup.py develop --editable --build-directory /ws/build/detections_2d/build --no-deps symlink_data --force
[0.603s] Level 1:colcon.colcon_core.shell:create_environment_hook('detections_2d', 'pythonpath_develop')
[0.603s] INFO:colcon.colcon_core.shell:Creating environment hook '/ws/build/detections_2d/share/detections_2d/hook/pythonpath_develop.ps1'
[0.604s] DEBUG:colcon.colcon_core.event_handler.log_command:Invoked command in '/ws/build/detections_2d' returned '0': PYTHONPATH=/ws/build/detections_2d/prefix_override:/usr/lib/python3/dist-packages/colcon_core/task/python/colcon_distutils_commands:/ws/install/detections_2d/lib/python3.10/site-packages:${PYTHONPATH} /usr/bin/python3 -W ignore:setup.py install is deprecated -W ignore:easy_install command is deprecated setup.py develop --editable --build-directory /ws/build/detections_2d/build --no-deps symlink_data --force
[0.607s] INFO:colcon.colcon_core.shell:Creating environment descriptor '/ws/build/detections_2d/share/detections_2d/hook/pythonpath_develop.dsv'
[0.607s] INFO:colcon.colcon_core.shell:Creating environment hook '/ws/build/detections_2d/share/detections_2d/hook/pythonpath_develop.sh'
[0.609s] Level 1:colcon.colcon_core.environment:checking '/ws/install/detections_2d' for CMake module files
[0.609s] Level 1:colcon.colcon_core.environment:checking '/ws/install/detections_2d' for CMake config files
[0.610s] Level 1:colcon.colcon_core.environment:checking '/ws/install/detections_2d/lib'
[0.610s] Level 1:colcon.colcon_core.environment:checking '/ws/install/detections_2d/bin'
[0.610s] Level 1:colcon.colcon_core.environment:checking '/ws/install/detections_2d/lib/pkgconfig/detections_2d.pc'
[0.610s] Level 1:colcon.colcon_core.environment:checking '/ws/install/detections_2d/lib/python3.10/site-packages'
[0.610s] Level 1:colcon.colcon_core.shell:create_environment_hook('detections_2d', 'pythonpath')
[0.610s] INFO:colcon.colcon_core.shell:Creating environment hook '/ws/install/detections_2d/share/detections_2d/hook/pythonpath.ps1'
[0.611s] INFO:colcon.colcon_core.shell:Creating environment descriptor '/ws/install/detections_2d/share/detections_2d/hook/pythonpath.dsv'
[0.611s] INFO:colcon.colcon_core.shell:Creating environment hook '/ws/install/detections_2d/share/detections_2d/hook/pythonpath.sh'
[0.611s] Level 1:colcon.colcon_core.environment:checking '/ws/install/detections_2d/bin'
[0.611s] Level 1:colcon.colcon_core.environment:create_environment_scripts_only(detections_2d)
[0.611s] INFO:colcon.colcon_core.shell:Creating package script '/ws/install/detections_2d/share/detections_2d/package.ps1'
[0.612s] INFO:colcon.colcon_core.shell:Creating package descriptor '/ws/install/detections_2d/share/detections_2d/package.dsv'
[0.612s] INFO:colcon.colcon_core.shell:Creating package script '/ws/install/detections_2d/share/detections_2d/package.sh'
[0.612s] INFO:colcon.colcon_core.shell:Creating package script '/ws/install/detections_2d/share/detections_2d/package.bash'
[0.613s] INFO:colcon.colcon_core.shell:Creating package script '/ws/install/detections_2d/share/detections_2d/package.zsh'
[0.613s] Level 1:colcon.colcon_core.environment:create_file_with_runtime_dependencies(/ws/install/detections_2d/share/colcon-core/packages/detections_2d)
[0.613s] DEBUG:colcon.colcon_parallel_executor.executor.parallel:closing loop
[0.613s] DEBUG:colcon.colcon_parallel_executor.executor.parallel:loop closed
[0.614s] DEBUG:colcon.colcon_parallel_executor.executor.parallel:run_until_complete finished with '0'
[0.614s] DEBUG:colcon.colcon_core.event_reactor:joining thread
[0.617s] INFO:colcon.colcon_core.plugin_system:Skipping extension 'colcon_notification.desktop_notification.notify_send': Could not find 'notify-send'
[0.617s] INFO:colcon.colcon_core.plugin_system:Skipping extension 'colcon_notification.desktop_notification.terminal_notifier': Not used on non-Darwin systems
[0.617s] INFO:colcon.colcon_core.plugin_system:Skipping extension 'colcon_notification.desktop_notification.win32': Not used on non-Windows systems
[0.617s] INFO:colcon.colcon_notification.desktop_notification:Sending desktop notification using 'notify2'
[0.617s] DEBUG:colcon.colcon_notification.desktop_notification.notify2:Failed to initialize notify2: org.freedesktop.DBus.Error.NotSupported: Unable to autolaunch a dbus-daemon without a $DISPLAY for X11
[0.617s] DEBUG:colcon.colcon_core.event_reactor:joined thread
[0.617s] INFO:colcon.colcon_core.shell:Creating prefix script '/ws/install/local_setup.ps1'
[0.618s] INFO:colcon.colcon_core.shell:Creating prefix util module '/ws/install/_local_setup_util_ps1.py'
[0.618s] INFO:colcon.colcon_core.shell:Creating prefix chain script '/ws/install/setup.ps1'
[0.619s] INFO:colcon.colcon_core.shell:Creating prefix script '/ws/install/local_setup.sh'
[0.619s] INFO:colcon.colcon_core.shell:Creating prefix util module '/ws/install/_local_setup_util_sh.py'
[0.619s] INFO:colcon.colcon_core.shell:Creating prefix chain script '/ws/install/setup.sh'
[0.620s] INFO:colcon.colcon_core.shell:Creating prefix script '/ws/install/local_setup.bash'
[0.620s] INFO:colcon.colcon_core.shell:Creating prefix chain script '/ws/install/setup.bash'
[0.620s] INFO:colcon.colcon_core.shell:Creating prefix script '/ws/install/local_setup.zsh'
[0.620s] INFO:colcon.colcon_core.shell:Creating prefix chain script '/ws/install/setup.zsh'
